Turbo Assembler	 Version 3.1	    10/28/20 23:02:26	    Page 1
lab1.ASM



      1				     ;X	= 3A + (B + 5)/2 – C – 1.
      2
      3
      4	0000			     model SMALL
      5	0000			     stack 100h	; Размер стека
      6
      7	0000			     dataseg
      8	0000  000A		     A dw 10
      9	0002  0014		     B dw 20
     10	0004  0005		     C dw 5
     11	0006  ????		     X dw ?
     12
     13	0008			     codeseg
     14				     startupcode ; макрокоманда
1    15	0000			     @Startup:
1    16	0000  BA 0000s			     MOV     DX,@data
1    17	0003  8E DA			     MOV     DS,DX
1    18	0005  8C D3			     MOV     BX,SS
1    19	0007  2B DA			     SUB     BX,DX
1    20	0009  D1 E3 D1 E3 D1 E3	D1+	     SHL     BX,4
     21	      E3
1    22	0011  FA			     CLI
1    23	0012  8E D2			     MOV     SS,DX
1    24	0014  03 E3			     ADD     SP,BX
1    25	0016  FB			     STI
     26	0017  A1 0000r		     mov AX, A ;значение А в регистр AX
     27	001A  D1 E0		     sal AX, 1 ; 2A в AX
     28	001C  03 06 0000r	     add AX, A ; 3A в AX
     29	0020  8B 1E 0002r	     mov BX, B ; B в BX
     30	0024  83 C3 05		     add BX, 5 ; B+5 в	BX
     31	0027  D1 FB		     sar BX, 1 ; (B+5)/2 в BX
     32	0029  03 C3		     add AX, BX	; 3A+(B+5)/2 в	AX
     33	002B  2B 06 0004r	     sub AX, C ; 3A+(B+5)/2-C в AX
     34	002F  48		     dec AX ; 3A+(B+5)/2-C-1 в	AX
     35	0030  A3 0006r		     mov X, AX ; 3A+(B+5)/2-C-1	в X
     36				     ;Конец работы
     37	0033			     QUIT: exitcode 0
1    38	0033  B8 4C00			     MOV     AX,04C00h
1    39	0036  CD 21			     INT     21h
     40				     end
Turbo Assembler	 Version 3.1	    10/28/20 23:02:26	    Page 2
Symbol Table




Symbol Name			  Type	 Value

??DATE				  Text	 "10/28/20"
??FILENAME			  Text	 "lab1	  "
??TIME				  Text	 "23:02:26"
??VERSION			  Number 030A
@32BIT				  Text	 0
@CODE				  Text	 _TEXT
@CODESIZE			  Text	 0
@CPU				  Text	 0101H
@CURSEG				  Text	 _TEXT
@DATA				  Text	 DGROUP
@DATASIZE			  Text	 0
@FILENAME			  Text	 LAB1
@INTERFACE			  Text	 00H
@MODEL				  Text	 2
@STACK				  Text	 DGROUP
@STARTUP			  Near	 _TEXT:0000
@WORDSIZE			  Text	 2
A				  Word	 DGROUP:0000
B				  Word	 DGROUP:0002
C				  Word	 DGROUP:0004
QUIT				  Near	 _TEXT:0033
X				  Word	 DGROUP:0006

Groups & Segments		  Bit Size Align  Combine Class

DGROUP				  Group
  STACK				  16  0100 Para	  Stack	  STACK
  _DATA				  16  0008 Word	  Public  DATA
_TEXT				  16  0038 Word	  Public  CODE
