Turbo Assembler	 Version 3.1	    10/29/20 00:25:47	    Page 1
lab1(1).asm



      1	0000			     model SMALL
      2	0000			     stack 100h
      3
      4	0000			     dataseg
      5	0000  000B		     A dw 11
      6	0002  0015		     B dw 21
      7	0004  0006		     C dw 6
      8	0006  ????		     X dw ?
      9
     10	0008			     codeseg
     11				     startupcode
1    12	0000			     @Startup:
1    13	0000  BA 0000s			     MOV     DX,@data
1    14	0003  8E DA			     MOV     DS,DX
1    15	0005  8C D3			     MOV     BX,SS
1    16	0007  2B DA			     SUB     BX,DX
1    17	0009  D1 E3 D1 E3 D1 E3	D1+	     SHL     BX,4
     18	      E3
1    19	0011  FA			     CLI
1    20	0012  8E D2			     MOV     SS,DX
1    21	0014  03 E3			     ADD     SP,BX
1    22	0016  FB			     STI
     23
     24	0017  A1 0000r		     mov AX,A;
     25	001A  D1 F8 D1 F8	     sar AX,2; A/4
     26	001E  BB 0000		     mov BX,0;
     27	0021  2B D8		     sub BX,AX;	-A/4
     28	0023  A1 0004r		     mov AX,C;
     29	0026  03 C3		     add AX,BX;	C - A/4
     30	0028  8B D8		     mov BX,AX;
     31	002A  D1 E0 D1 E0 D1 E0	     sal AX,3;
     32	0030  2B D8		     sub BX,AX;	-7(C-A/4)
     33	0032  A1 0002r		     mov AX,B;
     34	0035  03 C0		     add AX,AX;
     35	0037  03 06 0002r	     add AX,B;
     36	003B  03 D8		     add BX,AX;-7(C –	A/4) + 3B
     37	003D  83 EB 05		     sub BX,5;
     38	0040  89 1E 0006r	     mov X,BX;-7(C – A/4) + 3B – 5
     39
     40	0044			     QUIT: exitcode 0
1    41	0044  B8 4C00			     MOV     AX,04C00h
1    42	0047  CD 21			     INT     21h
     43				     end
Turbo Assembler	 Version 3.1	    10/29/20 00:25:47	    Page 2
Symbol Table




Symbol Name			  Type	 Value

??DATE				  Text	 "10/29/20"
??FILENAME			  Text	 "lab1(1) "
??TIME				  Text	 "00:25:47"
??VERSION			  Number 030A
@32BIT				  Text	 0
@CODE				  Text	 _TEXT
@CODESIZE			  Text	 0
@CPU				  Text	 0101H
@CURSEG				  Text	 _TEXT
@DATA				  Text	 DGROUP
@DATASIZE			  Text	 0
@FILENAME			  Text	 LAB1(1)
@INTERFACE			  Text	 00H
@MODEL				  Text	 2
@STACK				  Text	 DGROUP
@STARTUP			  Near	 _TEXT:0000
@WORDSIZE			  Text	 2
A				  Word	 DGROUP:0000
B				  Word	 DGROUP:0002
C				  Word	 DGROUP:0004
QUIT				  Near	 _TEXT:0044
X				  Word	 DGROUP:0006

Groups & Segments		  Bit Size Align  Combine Class

DGROUP				  Group
  STACK				  16  0100 Para	  Stack	  STACK
  _DATA				  16  0008 Word	  Public  DATA
_TEXT				  16  0049 Word	  Public  CODE
